{"contracts/Greeter.sol":{"l":{"10":1,"11":1,"15":2,"19":12,"20":12},"path":"/home/dev3/Documents/Crypto/CloudCoin/contracts/Greeter.sol","s":{"1":1,"2":1,"3":2,"4":12,"5":12},"b":{},"f":{"1":1,"2":2,"3":12},"fnMap":{"1":{"name":"constructor","line":9,"loc":{"start":{"line":9,"column":4},"end":{"line":12,"column":4}}},"2":{"name":"greet","line":14,"loc":{"start":{"line":14,"column":4},"end":{"line":16,"column":4}}},"3":{"name":"setGreeting","line":18,"loc":{"start":{"line":18,"column":4},"end":{"line":21,"column":4}}}},"statementMap":{"1":{"start":{"line":10,"column":8},"end":{"line":10,"column":67}},"2":{"start":{"line":11,"column":8},"end":{"line":11,"column":27}},"3":{"start":{"line":15,"column":8},"end":{"line":15,"column":23}},"4":{"start":{"line":19,"column":8},"end":{"line":19,"column":78}},"5":{"start":{"line":20,"column":8},"end":{"line":20,"column":27}}},"branchMap":{}}}